2022-11-15 08:55:56.233  INFO 756 --- [restartedMain] i.g.c.msclientes.MsclientesApplication   : Starting MsclientesApplication using Java 11.0.11 on DESKTOP-DM99B6F with PID 756 (C:\CursoMicroservices\curso-microservices\msclientes\target\classes started by Fabio in C:\CursoMicroservices\curso-microservices)
2022-11-15 08:55:56.253  INFO 756 --- [restartedMain] i.g.c.msclientes.MsclientesApplication   : No active profile set, falling back to 1 default profile: "default"
2022-11-15 08:55:56.653  INFO 756 --- [restartedMain] .e.DevToolsPropertyDefaultsPostProcessor : Devtools property defaults active! Set 'spring.devtools.add-properties' to 'false' to disable
2022-11-15 08:55:56.655  INFO 756 --- [restartedMain] .e.DevToolsPropertyDefaultsPostProcessor : For additional web related logging consider setting the 'logging.level.web' property to 'DEBUG'
2022-11-15 08:56:02.218  INFO 756 --- [restartedMain] .s.d.r.c.RepositoryConfigurationDelegate : Bootstrapping Spring Data JPA repositories in DEFAULT mode.
2022-11-15 08:56:02.982  INFO 756 --- [restartedMain] .s.d.r.c.RepositoryConfigurationDelegate : Finished Spring Data repository scanning in 724 ms. Found 1 JPA repository interfaces.
2022-11-15 08:56:04.362  INFO 756 --- [restartedMain] o.s.cloud.context.scope.GenericScope     : BeanFactory id=6d8b2648-ed81-3ad3-bb9f-1888ace62b44
2022-11-15 08:56:07.690  INFO 756 --- [restartedMain] o.s.b.w.embedded.tomcat.TomcatWebServer  : Tomcat initialized with port(s): 0 (http)
2022-11-15 08:56:07.734  INFO 756 --- [restartedMain] o.apache.catalina.core.StandardService   : Starting service [Tomcat]
2022-11-15 08:56:07.737  INFO 756 --- [restartedMain] org.apache.catalina.core.StandardEngine  : Starting Servlet engine: [Apache Tomcat/9.0.68]
2022-11-15 08:56:08.247  INFO 756 --- [restartedMain] o.a.c.c.C.[Tomcat].[localhost].[/]       : Initializing Spring embedded WebApplicationContext
2022-11-15 08:56:08.249  INFO 756 --- [restartedMain] w.s.c.ServletWebServerApplicationContext : Root WebApplicationContext: initialization completed in 11591 ms
2022-11-15 08:56:08.770  INFO 756 --- [restartedMain] com.zaxxer.hikari.HikariDataSource       : HikariPool-1 - Starting...
2022-11-15 08:56:09.622  INFO 756 --- [restartedMain] com.zaxxer.hikari.HikariDataSource       : HikariPool-1 - Start completed.
2022-11-15 08:56:09.675  INFO 756 --- [restartedMain] o.s.b.a.h2.H2ConsoleAutoConfiguration    : H2 console available at '/h2-console'. Database available at 'jdbc:h2:mem:7bbde807-06bf-4e42-8a75-a24595adc66d'
2022-11-15 08:56:10.647  INFO 756 --- [restartedMain] o.hibernate.jpa.internal.util.LogHelper  : HHH000204: Processing PersistenceUnitInfo [name: default]
2022-11-15 08:56:10.907  INFO 756 --- [restartedMain] org.hibernate.Version                    : HHH000412: Hibernate ORM core version 5.6.12.Final
2022-11-15 08:56:11.701  INFO 756 --- [restartedMain] o.hibernate.annotations.common.Version   : HCANN000001: Hibernate Commons Annotations {5.1.2.Final}
2022-11-15 08:56:12.293  INFO 756 --- [restartedMain] org.hibernate.dialect.Dialect            : HHH000400: Using dialect: org.hibernate.dialect.H2Dialect
2022-11-15 08:56:14.474  INFO 756 --- [restartedMain] o.h.e.t.j.p.i.JtaPlatformInitiator       : HHH000490: Using JtaPlatform implementation: [org.hibernate.engine.transaction.jta.platform.internal.NoJtaPlatform]
2022-11-15 08:56:14.507  INFO 756 --- [restartedMain] j.LocalContainerEntityManagerFactoryBean : Initialized JPA EntityManagerFactory for persistence unit 'default'
2022-11-15 08:56:15.956  WARN 756 --- [restartedMain] JpaBaseConfiguration$JpaWebConfiguration : spring.jpa.open-in-view is enabled by default. Therefore, database queries may be performed during view rendering. Explicitly configure spring.jpa.open-in-view to disable this warning
2022-11-15 08:56:19.063  INFO 756 --- [restartedMain] o.s.b.d.a.OptionalLiveReloadServer       : LiveReload server is running on port 35729
2022-11-15 08:56:19.821  INFO 756 --- [restartedMain] DiscoveryClientOptionalArgsConfiguration : Eureka HTTP Client uses RestTemplate.
2022-11-15 08:56:20.086  WARN 756 --- [restartedMain] iguration$LoadBalancerCaffeineWarnLogger : Spring Cloud LoadBalancer is currently working with the default cache. While this cache implementation is useful for development and tests, it's recommended to use Caffeine cache in production.You can switch to using Caffeine cache, by adding it and org.springframework.cache.caffeine.CaffeineCacheManager to the classpath.
2022-11-15 08:56:20.118  INFO 756 --- [restartedMain] o.s.b.a.e.web.EndpointLinksResolver      : Exposing 17 endpoint(s) beneath base path '/actuator'
2022-11-15 08:56:20.362  INFO 756 --- [restartedMain] o.s.b.w.embedded.tomcat.TomcatWebServer  : Tomcat started on port(s): 53604 (http) with context path ''
2022-11-15 08:56:20.367  INFO 756 --- [restartedMain] .s.c.n.e.s.EurekaAutoServiceRegistration : Updating port to 53604
2022-11-15 08:56:20.383  INFO 756 --- [restartedMain] o.s.c.n.eureka.InstanceInfoFactory       : Setting initial instance status as: STARTING
2022-11-15 08:56:20.687  INFO 756 --- [restartedMain] com.netflix.discovery.DiscoveryClient    : Initializing Eureka in region us-east-1
2022-11-15 08:56:20.706  INFO 756 --- [restartedMain] c.n.d.s.r.aws.ConfigClusterResolver      : Resolving eureka endpoints via configuration
2022-11-15 08:56:20.796  INFO 756 --- [restartedMain] com.netflix.discovery.DiscoveryClient    : Disable delta property : false
2022-11-15 08:56:20.798  INFO 756 --- [restartedMain] com.netflix.discovery.DiscoveryClient    : Single vip registry refresh property : null
2022-11-15 08:56:20.798  INFO 756 --- [restartedMain] com.netflix.discovery.DiscoveryClient    : Force full registry fetch : false
2022-11-15 08:56:20.799  INFO 756 --- [restartedMain] com.netflix.discovery.DiscoveryClient    : Application is null : false
2022-11-15 08:56:20.799  INFO 756 --- [restartedMain] com.netflix.discovery.DiscoveryClient    : Registered Applications size is zero : true
2022-11-15 08:56:20.800  INFO 756 --- [restartedMain] com.netflix.discovery.DiscoveryClient    : Application version is -1: true
2022-11-15 08:56:20.803  INFO 756 --- [restartedMain] com.netflix.discovery.DiscoveryClient    : Getting all instance registry info from the eureka server
2022-11-15 08:56:22.387  INFO 756 --- [restartedMain] com.netflix.discovery.DiscoveryClient    : The response status is 200
2022-11-15 08:56:22.402  INFO 756 --- [restartedMain] com.netflix.discovery.DiscoveryClient    : Starting heartbeat executor: renew interval is: 30
2022-11-15 08:56:22.413  INFO 756 --- [restartedMain] c.n.discovery.InstanceInfoReplicator     : InstanceInfoReplicator onDemand update allowed rate per min is 4
2022-11-15 08:56:22.433  INFO 756 --- [restartedMain] com.netflix.discovery.DiscoveryClient    : Discovery Client initialized at timestamp 1668513382429 with initial instances count: 0
2022-11-15 08:56:22.442  INFO 756 --- [restartedMain] o.s.c.n.e.s.EurekaServiceRegistry        : Registering application MSCLIENTES with eureka with status UP
2022-11-15 08:56:22.444  INFO 756 --- [restartedMain] com.netflix.discovery.DiscoveryClient    : Saw local status change event StatusChangeEvent [timestamp=1668513382444, current=UP, previous=STARTING]
2022-11-15 08:56:22.452  INFO 756 --- [DiscoveryClient-InstanceInfoReplicator-0] com.netflix.discovery.DiscoveryClient    : DiscoveryClient_MSCLIENTES/msclientes:67084ed2cbf0885d9be6bfebe9f560ae: registering service...
2022-11-15 08:56:23.155  INFO 756 --- [DiscoveryClient-InstanceInfoReplicator-0] com.netflix.discovery.DiscoveryClient    : DiscoveryClient_MSCLIENTES/msclientes:67084ed2cbf0885d9be6bfebe9f560ae - registration status: 204
2022-11-15 08:56:23.435  INFO 756 --- [restartedMain] i.g.c.msclientes.MsclientesApplication   : Started MsclientesApplication in 32.334 seconds (JVM running for 35.396)
2022-11-15 08:56:34.068  INFO 756 --- [http-nio-auto-1-exec-1] o.a.c.c.C.[Tomcat].[localhost].[/]       : Initializing Spring DispatcherServlet 'dispatcherServlet'
2022-11-15 08:56:34.069  INFO 756 --- [http-nio-auto-1-exec-1] o.s.web.servlet.DispatcherServlet        : Initializing Servlet 'dispatcherServlet'
2022-11-15 08:56:34.077  INFO 756 --- [http-nio-auto-1-exec-1] o.s.web.servlet.DispatcherServlet        : Completed initialization in 8 ms
2022-11-15 08:56:52.409  INFO 756 --- [DiscoveryClient-CacheRefreshExecutor-0] com.netflix.discovery.DiscoveryClient    : Disable delta property : false
2022-11-15 08:56:52.410  INFO 756 --- [DiscoveryClient-CacheRefreshExecutor-0] com.netflix.discovery.DiscoveryClient    : Single vip registry refresh property : null
2022-11-15 08:56:52.410  INFO 756 --- [DiscoveryClient-CacheRefreshExecutor-0] com.netflix.discovery.DiscoveryClient    : Force full registry fetch : false
2022-11-15 08:56:52.411  INFO 756 --- [DiscoveryClient-CacheRefreshExecutor-0] com.netflix.discovery.DiscoveryClient    : Application is null : false
2022-11-15 08:56:52.411  INFO 756 --- [DiscoveryClient-CacheRefreshExecutor-0] com.netflix.discovery.DiscoveryClient    : Registered Applications size is zero : true
2022-11-15 08:56:52.412  INFO 756 --- [DiscoveryClient-CacheRefreshExecutor-0] com.netflix.discovery.DiscoveryClient    : Application version is -1: false
2022-11-15 08:56:52.412  INFO 756 --- [DiscoveryClient-CacheRefreshExecutor-0] com.netflix.discovery.DiscoveryClient    : Getting all instance registry info from the eureka server
2022-11-15 08:56:52.449  INFO 756 --- [DiscoveryClient-CacheRefreshExecutor-0] com.netflix.discovery.DiscoveryClient    : The response status is 200
2022-11-15 09:01:12.846  INFO 756 --- [SpringApplicationShutdownHook] o.s.c.n.e.s.EurekaServiceRegistry        : Unregistering application MSCLIENTES with eureka with status DOWN
2022-11-15 09:01:12.850  INFO 756 --- [SpringApplicationShutdownHook] com.netflix.discovery.DiscoveryClient    : Saw local status change event StatusChangeEvent [timestamp=1668513672850, current=DOWN, previous=UP]
2022-11-15 09:01:12.875  INFO 756 --- [DiscoveryClient-InstanceInfoReplicator-0] com.netflix.discovery.DiscoveryClient    : DiscoveryClient_MSCLIENTES/msclientes:67084ed2cbf0885d9be6bfebe9f560ae: registering service...
2022-11-15 09:01:12.899  INFO 756 --- [DiscoveryClient-InstanceInfoReplicator-0] com.netflix.discovery.DiscoveryClient    : DiscoveryClient_MSCLIENTES/msclientes:67084ed2cbf0885d9be6bfebe9f560ae - registration status: 204
2022-11-15 09:01:15.880  INFO 756 --- [SpringApplicationShutdownHook] j.LocalContainerEntityManagerFactoryBean : Closing JPA EntityManagerFactory for persistence unit 'default'
2022-11-15 09:01:15.888  INFO 756 --- [SpringApplicationShutdownHook] .SchemaDropperImpl$DelayedDropActionImpl : HHH000477: Starting delayed evictData of schema as part of SessionFactory shut-down'
2022-11-15 09:01:16.523  WARN 756 --- [SpringApplicationShutdownHook] o.s.b.f.support.DisposableBeanAdapter    : Invocation of destroy method failed on bean with name 'inMemoryDatabaseShutdownExecutor': org.h2.jdbc.JdbcSQLNonTransientConnectionException: Database is already closed (to disable automatic closing at VM shutdown, add ";DB_CLOSE_ON_EXIT=FALSE" to the db URL) [90121-200]
2022-11-15 09:01:16.526  INFO 756 --- [SpringApplicationShutdownHook] com.zaxxer.hikari.HikariDataSource       : HikariPool-1 - Shutdown initiated...
2022-11-15 09:01:16.584  INFO 756 --- [SpringApplicationShutdownHook] com.zaxxer.hikari.HikariDataSource       : HikariPool-1 - Shutdown completed.
2022-11-15 09:01:16.640  INFO 756 --- [SpringApplicationShutdownHook] com.netflix.discovery.DiscoveryClient    : Shutting down DiscoveryClient ...
2022-11-15 09:01:19.650  INFO 756 --- [SpringApplicationShutdownHook] com.netflix.discovery.DiscoveryClient    : Unregistering ...
2022-11-15 09:01:19.681  INFO 756 --- [SpringApplicationShutdownHook] com.netflix.discovery.DiscoveryClient    : DiscoveryClient_MSCLIENTES/msclientes:67084ed2cbf0885d9be6bfebe9f560ae - deregister  status: 200
2022-11-15 09:01:19.706  INFO 756 --- [SpringApplicationShutdownHook] com.netflix.discovery.DiscoveryClient    : Completed shut down of DiscoveryClient
2022-11-15 09:02:31.445  INFO 9532 --- [restartedMain] i.g.c.msclientes.MsclientesApplication   : Starting MsclientesApplication using Java 11.0.11 on DESKTOP-DM99B6F with PID 9532 (C:\CursoMicroservices\curso-microservices\msclientes\target\classes started by Fabio in C:\CursoMicroservices\curso-microservices)
2022-11-15 09:02:31.452  INFO 9532 --- [restartedMain] i.g.c.msclientes.MsclientesApplication   : No active profile set, falling back to 1 default profile: "default"
2022-11-15 09:02:31.979  INFO 9532 --- [restartedMain] .e.DevToolsPropertyDefaultsPostProcessor : Devtools property defaults active! Set 'spring.devtools.add-properties' to 'false' to disable
2022-11-15 09:02:31.981  INFO 9532 --- [restartedMain] .e.DevToolsPropertyDefaultsPostProcessor : For additional web related logging consider setting the 'logging.level.web' property to 'DEBUG'
2022-11-15 09:02:47.645  INFO 9532 --- [restartedMain] .s.d.r.c.RepositoryConfigurationDelegate : Bootstrapping Spring Data JPA repositories in DEFAULT mode.
2022-11-15 09:02:48.774  INFO 9532 --- [restartedMain] .s.d.r.c.RepositoryConfigurationDelegate : Finished Spring Data repository scanning in 1093 ms. Found 1 JPA repository interfaces.
2022-11-15 09:02:52.510  INFO 9532 --- [restartedMain] o.s.cloud.context.scope.GenericScope     : BeanFactory id=2dd8c6d7-26eb-3ab5-9b6a-9b8bd1a4e220
2022-11-15 09:02:58.128  INFO 9532 --- [restartedMain] o.s.b.w.embedded.tomcat.TomcatWebServer  : Tomcat initialized with port(s): 0 (http)
2022-11-15 09:02:58.177  INFO 9532 --- [restartedMain] o.apache.catalina.core.StandardService   : Starting service [Tomcat]
2022-11-15 09:02:58.181  INFO 9532 --- [restartedMain] org.apache.catalina.core.StandardEngine  : Starting Servlet engine: [Apache Tomcat/9.0.68]
2022-11-15 09:02:58.800  INFO 9532 --- [restartedMain] o.a.c.c.C.[Tomcat].[localhost].[/]       : Initializing Spring embedded WebApplicationContext
2022-11-15 09:02:58.801  INFO 9532 --- [restartedMain] w.s.c.ServletWebServerApplicationContext : Root WebApplicationContext: initialization completed in 26779 ms
2022-11-15 09:02:59.468  INFO 9532 --- [restartedMain] com.zaxxer.hikari.HikariDataSource       : HikariPool-1 - Starting...
2022-11-15 09:03:00.386  INFO 9532 --- [restartedMain] com.zaxxer.hikari.HikariDataSource       : HikariPool-1 - Start completed.
2022-11-15 09:03:00.459  INFO 9532 --- [restartedMain] o.s.b.a.h2.H2ConsoleAutoConfiguration    : H2 console available at '/h2-console'. Database available at 'jdbc:h2:mem:ce9f9873-13e5-4c76-90b3-70b652558f99'
2022-11-15 09:03:01.753  INFO 9532 --- [restartedMain] o.hibernate.jpa.internal.util.LogHelper  : HHH000204: Processing PersistenceUnitInfo [name: default]
2022-11-15 09:03:02.622  INFO 9532 --- [restartedMain] org.hibernate.Version                    : HHH000412: Hibernate ORM core version 5.6.12.Final
2022-11-15 09:03:03.390  INFO 9532 --- [restartedMain] o.hibernate.annotations.common.Version   : HCANN000001: Hibernate Commons Annotations {5.1.2.Final}
2022-11-15 09:03:04.008  INFO 9532 --- [restartedMain] org.hibernate.dialect.Dialect            : HHH000400: Using dialect: org.hibernate.dialect.H2Dialect
2022-11-15 09:03:06.088  INFO 9532 --- [restartedMain] o.h.e.t.j.p.i.JtaPlatformInitiator       : HHH000490: Using JtaPlatform implementation: [org.hibernate.engine.transaction.jta.platform.internal.NoJtaPlatform]
2022-11-15 09:03:06.123  INFO 9532 --- [restartedMain] j.LocalContainerEntityManagerFactoryBean : Initialized JPA EntityManagerFactory for persistence unit 'default'
2022-11-15 09:03:08.021  WARN 9532 --- [restartedMain] JpaBaseConfiguration$JpaWebConfiguration : spring.jpa.open-in-view is enabled by default. Therefore, database queries may be performed during view rendering. Explicitly configure spring.jpa.open-in-view to disable this warning
2022-11-15 09:03:27.186  INFO 9532 --- [restartedMain] o.s.b.d.a.OptionalLiveReloadServer       : LiveReload server is running on port 35729
2022-11-15 09:03:28.054  INFO 9532 --- [restartedMain] DiscoveryClientOptionalArgsConfiguration : Eureka HTTP Client uses RestTemplate.
2022-11-15 09:03:28.825  WARN 9532 --- [restartedMain] iguration$LoadBalancerCaffeineWarnLogger : Spring Cloud LoadBalancer is currently working with the default cache. While this cache implementation is useful for development and tests, it's recommended to use Caffeine cache in production.You can switch to using Caffeine cache, by adding it and org.springframework.cache.caffeine.CaffeineCacheManager to the classpath.
2022-11-15 09:03:28.897  INFO 9532 --- [restartedMain] o.s.b.a.e.web.EndpointLinksResolver      : Exposing 17 endpoint(s) beneath base path '/actuator'
2022-11-15 09:03:29.686  INFO 9532 --- [restartedMain] o.s.b.w.embedded.tomcat.TomcatWebServer  : Tomcat started on port(s): 53742 (http) with context path ''
2022-11-15 09:03:29.696  INFO 9532 --- [restartedMain] .s.c.n.e.s.EurekaAutoServiceRegistration : Updating port to 53742
2022-11-15 09:03:29.721  INFO 9532 --- [restartedMain] o.s.c.n.eureka.InstanceInfoFactory       : Setting initial instance status as: STARTING
2022-11-15 09:03:30.875  INFO 9532 --- [restartedMain] com.netflix.discovery.DiscoveryClient    : Initializing Eureka in region us-east-1
2022-11-15 09:03:30.901  INFO 9532 --- [restartedMain] c.n.d.s.r.aws.ConfigClusterResolver      : Resolving eureka endpoints via configuration
2022-11-15 09:03:31.068  INFO 9532 --- [restartedMain] com.netflix.discovery.DiscoveryClient    : Disable delta property : false
2022-11-15 09:03:31.069  INFO 9532 --- [restartedMain] com.netflix.discovery.DiscoveryClient    : Single vip registry refresh property : null
2022-11-15 09:03:31.070  INFO 9532 --- [restartedMain] com.netflix.discovery.DiscoveryClient    : Force full registry fetch : false
2022-11-15 09:03:31.071  INFO 9532 --- [restartedMain] com.netflix.discovery.DiscoveryClient    : Application is null : false
2022-11-15 09:03:31.071  INFO 9532 --- [restartedMain] com.netflix.discovery.DiscoveryClient    : Registered Applications size is zero : true
2022-11-15 09:03:31.081  INFO 9532 --- [restartedMain] com.netflix.discovery.DiscoveryClient    : Application version is -1: true
2022-11-15 09:03:31.081  INFO 9532 --- [restartedMain] com.netflix.discovery.DiscoveryClient    : Getting all instance registry info from the eureka server
2022-11-15 09:03:33.618  INFO 9532 --- [restartedMain] com.netflix.discovery.DiscoveryClient    : The response status is 200
2022-11-15 09:03:33.625  INFO 9532 --- [restartedMain] com.netflix.discovery.DiscoveryClient    : Starting heartbeat executor: renew interval is: 30
2022-11-15 09:03:33.635  INFO 9532 --- [restartedMain] c.n.discovery.InstanceInfoReplicator     : InstanceInfoReplicator onDemand update allowed rate per min is 4
2022-11-15 09:03:33.654  INFO 9532 --- [restartedMain] com.netflix.discovery.DiscoveryClient    : Discovery Client initialized at timestamp 1668513813651 with initial instances count: 0
2022-11-15 09:03:33.664  INFO 9532 --- [restartedMain] o.s.c.n.e.s.EurekaServiceRegistry        : Registering application MSCLIENTES with eureka with status UP
2022-11-15 09:03:33.667  INFO 9532 --- [restartedMain] com.netflix.discovery.DiscoveryClient    : Saw local status change event StatusChangeEvent [timestamp=1668513813667, current=UP, previous=STARTING]
2022-11-15 09:03:33.673  INFO 9532 --- [DiscoveryClient-InstanceInfoReplicator-0] com.netflix.discovery.DiscoveryClient    : DiscoveryClient_MSCLIENTES/msclientes:16eaae13ca3c8be1fec9df7e5bb5e272: registering service...
2022-11-15 09:03:34.144  INFO 9532 --- [DiscoveryClient-InstanceInfoReplicator-0] com.netflix.discovery.DiscoveryClient    : DiscoveryClient_MSCLIENTES/msclientes:16eaae13ca3c8be1fec9df7e5bb5e272 - registration status: 204
2022-11-15 09:03:35.366  INFO 9532 --- [restartedMain] i.g.c.msclientes.MsclientesApplication   : Started MsclientesApplication in 71.327 seconds (JVM running for 75.507)
2022-11-15 09:03:40.428  INFO 9532 --- [http-nio-auto-1-exec-1] o.a.c.c.C.[Tomcat].[localhost].[/]       : Initializing Spring DispatcherServlet 'dispatcherServlet'
2022-11-15 09:03:40.430  INFO 9532 --- [http-nio-auto-1-exec-1] o.s.web.servlet.DispatcherServlet        : Initializing Servlet 'dispatcherServlet'
2022-11-15 09:03:40.434  INFO 9532 --- [http-nio-auto-1-exec-1] o.s.web.servlet.DispatcherServlet        : Completed initialization in 4 ms
2022-11-15 09:04:01.108  INFO 9532 --- [http-nio-auto-1-exec-1] o.springdoc.api.AbstractOpenApiResource  : Init duration for springdoc-openapi is: 1808 ms
2022-11-15 09:04:03.633  INFO 9532 --- [DiscoveryClient-CacheRefreshExecutor-0] com.netflix.discovery.DiscoveryClient    : Disable delta property : false
2022-11-15 09:04:03.634  INFO 9532 --- [DiscoveryClient-CacheRefreshExecutor-0] com.netflix.discovery.DiscoveryClient    : Single vip registry refresh property : null
2022-11-15 09:04:03.635  INFO 9532 --- [DiscoveryClient-CacheRefreshExecutor-0] com.netflix.discovery.DiscoveryClient    : Force full registry fetch : false
2022-11-15 09:04:03.635  INFO 9532 --- [DiscoveryClient-CacheRefreshExecutor-0] com.netflix.discovery.DiscoveryClient    : Application is null : false
2022-11-15 09:04:03.636  INFO 9532 --- [DiscoveryClient-CacheRefreshExecutor-0] com.netflix.discovery.DiscoveryClient    : Registered Applications size is zero : true
2022-11-15 09:04:03.637  INFO 9532 --- [DiscoveryClient-CacheRefreshExecutor-0] com.netflix.discovery.DiscoveryClient    : Application version is -1: false
2022-11-15 09:04:03.637  INFO 9532 --- [DiscoveryClient-CacheRefreshExecutor-0] com.netflix.discovery.DiscoveryClient    : Getting all instance registry info from the eureka server
2022-11-15 09:04:03.673  INFO 9532 --- [DiscoveryClient-CacheRefreshExecutor-0] com.netflix.discovery.DiscoveryClient    : The response status is 200
2022-11-15 09:08:31.104  INFO 9532 --- [AsyncResolver-bootstrap-executor-0] c.n.d.s.r.aws.ConfigClusterResolver      : Resolving eureka endpoints via configuration
2022-11-15 09:09:05.043  INFO 10340 --- [restartedMain] i.g.c.m.AvaliadorCreditoApplication      : Starting AvaliadorCreditoApplication using Java 11.0.11 on DESKTOP-DM99B6F with PID 10340 (C:\CursoMicroservices\curso-microservices\msavaliadorcredito\target\classes started by Fabio in C:\CursoMicroservices\curso-microservices)
2022-11-15 09:09:05.049  INFO 10340 --- [restartedMain] i.g.c.m.AvaliadorCreditoApplication      : No active profile set, falling back to 1 default profile: "default"
2022-11-15 09:09:05.333  INFO 10340 --- [restartedMain] .e.DevToolsPropertyDefaultsPostProcessor : Devtools property defaults active! Set 'spring.devtools.add-properties' to 'false' to disable
2022-11-15 09:09:05.335  INFO 10340 --- [restartedMain] .e.DevToolsPropertyDefaultsPostProcessor : For additional web related logging consider setting the 'logging.level.web' property to 'DEBUG'
2022-11-15 09:09:10.682  INFO 10340 --- [restartedMain] o.s.cloud.context.scope.GenericScope     : BeanFactory id=ef2ec7db-465e-3e9b-abb2-556ee2d2fc2c
2022-11-15 09:09:13.103  INFO 10340 --- [restartedMain] o.s.b.w.embedded.tomcat.TomcatWebServer  : Tomcat initialized with port(s): 0 (http)
2022-11-15 09:09:13.140  INFO 10340 --- [restartedMain] o.apache.catalina.core.StandardService   : Starting service [Tomcat]
2022-11-15 09:09:13.142  INFO 10340 --- [restartedMain] org.apache.catalina.core.StandardEngine  : Starting Servlet engine: [Apache Tomcat/9.0.68]
2022-11-15 09:09:13.583  INFO 10340 --- [restartedMain] o.a.c.c.C.[Tomcat].[localhost].[/]       : Initializing Spring embedded WebApplicationContext
2022-11-15 09:09:13.585  INFO 10340 --- [restartedMain] w.s.c.ServletWebServerApplicationContext : Root WebApplicationContext: initialization completed in 8246 ms
2022-11-15 09:09:15.228  WARN 10340 --- [restartedMain] o.s.b.d.a.OptionalLiveReloadServer       : Unable to start LiveReload server
2022-11-15 09:09:15.530  INFO 10340 --- [restartedMain] o.s.c.openfeign.FeignClientFactoryBean   : For 'msclientes' URL not provided. Will try picking an instance via load-balancing.
2022-11-15 09:09:15.906  INFO 10340 --- [restartedMain] o.s.c.openfeign.FeignClientFactoryBean   : For 'mscartoes' URL not provided. Will try picking an instance via load-balancing.
2022-11-15 09:09:23.028  INFO 10340 --- [restartedMain] DiscoveryClientOptionalArgsConfiguration : Eureka HTTP Client uses RestTemplate.
2022-11-15 09:09:23.212  WARN 10340 --- [restartedMain] iguration$LoadBalancerCaffeineWarnLogger : Spring Cloud LoadBalancer is currently working with the default cache. While this cache implementation is useful for development and tests, it's recommended to use Caffeine cache in production.You can switch to using Caffeine cache, by adding it and org.springframework.cache.caffeine.CaffeineCacheManager to the classpath.
2022-11-15 09:09:23.268  INFO 10340 --- [restartedMain] o.s.b.a.e.web.EndpointLinksResolver      : Exposing 17 endpoint(s) beneath base path '/actuator'
2022-11-15 09:09:23.457  INFO 10340 --- [restartedMain] o.s.b.w.embedded.tomcat.TomcatWebServer  : Tomcat started on port(s): 53818 (http) with context path ''
2022-11-15 09:09:23.460  INFO 10340 --- [restartedMain] .s.c.n.e.s.EurekaAutoServiceRegistration : Updating port to 53818
2022-11-15 09:09:23.481  INFO 10340 --- [restartedMain] o.s.c.n.eureka.InstanceInfoFactory       : Setting initial instance status as: STARTING
2022-11-15 09:09:23.783  INFO 10340 --- [restartedMain] com.netflix.discovery.DiscoveryClient    : Initializing Eureka in region us-east-1
2022-11-15 09:09:23.803  INFO 10340 --- [restartedMain] c.n.d.s.r.aws.ConfigClusterResolver      : Resolving eureka endpoints via configuration
2022-11-15 09:09:23.880  INFO 10340 --- [restartedMain] com.netflix.discovery.DiscoveryClient    : Disable delta property : false
2022-11-15 09:09:23.881  INFO 10340 --- [restartedMain] com.netflix.discovery.DiscoveryClient    : Single vip registry refresh property : null
2022-11-15 09:09:23.883  INFO 10340 --- [restartedMain] com.netflix.discovery.DiscoveryClient    : Force full registry fetch : false
2022-11-15 09:09:23.884  INFO 10340 --- [restartedMain] com.netflix.discovery.DiscoveryClient    : Application is null : false
2022-11-15 09:09:23.885  INFO 10340 --- [restartedMain] com.netflix.discovery.DiscoveryClient    : Registered Applications size is zero : true
2022-11-15 09:09:23.885  INFO 10340 --- [restartedMain] com.netflix.discovery.DiscoveryClient    : Application version is -1: true
2022-11-15 09:09:23.885  INFO 10340 --- [restartedMain] com.netflix.discovery.DiscoveryClient    : Getting all instance registry info from the eureka server
2022-11-15 09:09:25.292  INFO 10340 --- [restartedMain] com.netflix.discovery.DiscoveryClient    : The response status is 200
2022-11-15 09:09:25.303  INFO 10340 --- [restartedMain] com.netflix.discovery.DiscoveryClient    : Starting heartbeat executor: renew interval is: 30
2022-11-15 09:09:25.317  INFO 10340 --- [restartedMain] c.n.discovery.InstanceInfoReplicator     : InstanceInfoReplicator onDemand update allowed rate per min is 4
2022-11-15 09:09:25.338  INFO 10340 --- [restartedMain] com.netflix.discovery.DiscoveryClient    : Discovery Client initialized at timestamp 1668514165335 with initial instances count: 1
2022-11-15 09:09:25.345  INFO 10340 --- [restartedMain] o.s.c.n.e.s.EurekaServiceRegistry        : Registering application MSAVALIADORCREDITO with eureka with status UP
2022-11-15 09:09:25.347  INFO 10340 --- [restartedMain] com.netflix.discovery.DiscoveryClient    : Saw local status change event StatusChangeEvent [timestamp=1668514165347, current=UP, previous=STARTING]
2022-11-15 09:09:25.373  INFO 10340 --- [DiscoveryClient-InstanceInfoReplicator-0] com.netflix.discovery.DiscoveryClient    : DiscoveryClient_MSAVALIADORCREDITO/msavaliadorcredito:910e8b4250b8f1974efd58fbed6640fb: registering service...
2022-11-15 09:09:25.878  INFO 10340 --- [DiscoveryClient-InstanceInfoReplicator-0] com.netflix.discovery.DiscoveryClient    : DiscoveryClient_MSAVALIADORCREDITO/msavaliadorcredito:910e8b4250b8f1974efd58fbed6640fb - registration status: 204
2022-11-15 09:09:26.553  INFO 10340 --- [restartedMain] i.g.c.m.AvaliadorCreditoApplication      : Started AvaliadorCreditoApplication in 24.2 seconds (JVM running for 26.562)
2022-11-15 09:13:31.112  INFO 9532 --- [AsyncResolver-bootstrap-executor-0] c.n.d.s.r.aws.ConfigClusterResolver      : Resolving eureka endpoints via configuration
2022-11-15 09:14:23.902  INFO 10340 --- [AsyncResolver-bootstrap-executor-0] c.n.d.s.r.aws.ConfigClusterResolver      : Resolving eureka endpoints via configuration
2022-11-15 09:18:31.116  INFO 9532 --- [AsyncResolver-bootstrap-executor-0] c.n.d.s.r.aws.ConfigClusterResolver      : Resolving eureka endpoints via configuration
2022-11-15 09:19:23.916  INFO 10340 --- [AsyncResolver-bootstrap-executor-0] c.n.d.s.r.aws.ConfigClusterResolver      : Resolving eureka endpoints via configuration
2022-11-15 09:23:31.129  INFO 9532 --- [AsyncResolver-bootstrap-executor-0] c.n.d.s.r.aws.ConfigClusterResolver      : Resolving eureka endpoints via configuration
2022-11-15 09:24:23.925  INFO 10340 --- [AsyncResolver-bootstrap-executor-0] c.n.d.s.r.aws.ConfigClusterResolver      : Resolving eureka endpoints via configuration
2022-11-15 09:27:54.754  INFO 6180 --- [restartedMain] i.g.c.mscartoes.MscartoesApplication     : Starting MscartoesApplication using Java 11.0.11 on DESKTOP-DM99B6F with PID 6180 (C:\CursoMicroservices\curso-microservices\mscartoes\target\classes started by Fabio in C:\CursoMicroservices\curso-microservices)
2022-11-15 09:27:54.759  INFO 6180 --- [restartedMain] i.g.c.mscartoes.MscartoesApplication     : No active profile set, falling back to 1 default profile: "default"
2022-11-15 09:27:55.019  INFO 6180 --- [restartedMain] .e.DevToolsPropertyDefaultsPostProcessor : Devtools property defaults active! Set 'spring.devtools.add-properties' to 'false' to disable
2022-11-15 09:27:55.019  INFO 6180 --- [restartedMain] .e.DevToolsPropertyDefaultsPostProcessor : For additional web related logging consider setting the 'logging.level.web' property to 'DEBUG'
2022-11-15 09:28:00.155  INFO 6180 --- [restartedMain] .s.d.r.c.RepositoryConfigurationDelegate : Bootstrapping Spring Data JPA repositories in DEFAULT mode.
2022-11-15 09:28:00.844  INFO 6180 --- [restartedMain] .s.d.r.c.RepositoryConfigurationDelegate : Finished Spring Data repository scanning in 658 ms. Found 2 JPA repository interfaces.
2022-11-15 09:28:01.978  INFO 6180 --- [restartedMain] o.s.cloud.context.scope.GenericScope     : BeanFactory id=0dcef58a-a301-31b4-ac91-f3e6d9ae34f8
2022-11-15 09:28:05.241  INFO 6180 --- [restartedMain] o.s.b.w.embedded.tomcat.TomcatWebServer  : Tomcat initialized with port(s): 0 (http)
2022-11-15 09:28:05.282  INFO 6180 --- [restartedMain] o.apache.catalina.core.StandardService   : Starting service [Tomcat]
2022-11-15 09:28:05.284  INFO 6180 --- [restartedMain] org.apache.catalina.core.StandardEngine  : Starting Servlet engine: [Apache Tomcat/9.0.68]
2022-11-15 09:28:05.992  INFO 6180 --- [restartedMain] o.a.c.c.C.[Tomcat].[localhost].[/]       : Initializing Spring embedded WebApplicationContext
2022-11-15 09:28:05.996  INFO 6180 --- [restartedMain] w.s.c.ServletWebServerApplicationContext : Root WebApplicationContext: initialization completed in 10975 ms
2022-11-15 09:28:06.810  INFO 6180 --- [restartedMain] com.zaxxer.hikari.HikariDataSource       : HikariPool-1 - Starting...
2022-11-15 09:28:07.790  INFO 6180 --- [restartedMain] com.zaxxer.hikari.HikariDataSource       : HikariPool-1 - Start completed.
2022-11-15 09:28:07.858  INFO 6180 --- [restartedMain] o.s.b.a.h2.H2ConsoleAutoConfiguration    : H2 console available at '/h2-console'. Database available at 'jdbc:h2:mem:29d82294-d2f3-48c0-91e7-8a3acaff7e6a'
2022-11-15 09:28:09.053  INFO 6180 --- [restartedMain] o.hibernate.jpa.internal.util.LogHelper  : HHH000204: Processing PersistenceUnitInfo [name: default]
2022-11-15 09:28:09.229  INFO 6180 --- [restartedMain] org.hibernate.Version                    : HHH000412: Hibernate ORM core version 5.6.12.Final
2022-11-15 09:28:09.804  INFO 6180 --- [restartedMain] o.hibernate.annotations.common.Version   : HCANN000001: Hibernate Commons Annotations {5.1.2.Final}
2022-11-15 09:28:10.319  INFO 6180 --- [restartedMain] org.hibernate.dialect.Dialect            : HHH000400: Using dialect: org.hibernate.dialect.H2Dialect
2022-11-15 09:28:12.592  INFO 6180 --- [restartedMain] o.h.e.t.j.p.i.JtaPlatformInitiator       : HHH000490: Using JtaPlatform implementation: [org.hibernate.engine.transaction.jta.platform.internal.NoJtaPlatform]
2022-11-15 09:28:12.623  INFO 6180 --- [restartedMain] j.LocalContainerEntityManagerFactoryBean : Initialized JPA EntityManagerFactory for persistence unit 'default'
2022-11-15 09:28:14.528  WARN 6180 --- [restartedMain] JpaBaseConfiguration$JpaWebConfiguration : spring.jpa.open-in-view is enabled by default. Therefore, database queries may be performed during view rendering. Explicitly configure spring.jpa.open-in-view to disable this warning
2022-11-15 09:28:21.368  WARN 6180 --- [restartedMain] o.s.b.d.a.OptionalLiveReloadServer       : Unable to start LiveReload server
2022-11-15 09:28:22.036  INFO 6180 --- [restartedMain] DiscoveryClientOptionalArgsConfiguration : Eureka HTTP Client uses RestTemplate.
2022-11-15 09:28:22.374  WARN 6180 --- [restartedMain] iguration$LoadBalancerCaffeineWarnLogger : Spring Cloud LoadBalancer is currently working with the default cache. While this cache implementation is useful for development and tests, it's recommended to use Caffeine cache in production.You can switch to using Caffeine cache, by adding it and org.springframework.cache.caffeine.CaffeineCacheManager to the classpath.
2022-11-15 09:28:22.404  INFO 6180 --- [restartedMain] o.s.b.a.e.web.EndpointLinksResolver      : Exposing 17 endpoint(s) beneath base path '/actuator'
2022-11-15 09:28:22.731  INFO 6180 --- [restartedMain] o.s.b.w.embedded.tomcat.TomcatWebServer  : Tomcat started on port(s): 53935 (http) with context path ''
2022-11-15 09:28:22.737  INFO 6180 --- [restartedMain] .s.c.n.e.s.EurekaAutoServiceRegistration : Updating port to 53935
2022-11-15 09:28:22.756  INFO 6180 --- [restartedMain] o.s.c.n.eureka.InstanceInfoFactory       : Setting initial instance status as: STARTING
2022-11-15 09:28:23.054  INFO 6180 --- [restartedMain] com.netflix.discovery.DiscoveryClient    : Initializing Eureka in region us-east-1
2022-11-15 09:28:23.074  INFO 6180 --- [restartedMain] c.n.d.s.r.aws.ConfigClusterResolver      : Resolving eureka endpoints via configuration
2022-11-15 09:28:23.163  INFO 6180 --- [restartedMain] com.netflix.discovery.DiscoveryClient    : Disable delta property : false
2022-11-15 09:28:23.164  INFO 6180 --- [restartedMain] com.netflix.discovery.DiscoveryClient    : Single vip registry refresh property : null
2022-11-15 09:28:23.164  INFO 6180 --- [restartedMain] com.netflix.discovery.DiscoveryClient    : Force full registry fetch : false
2022-11-15 09:28:23.165  INFO 6180 --- [restartedMain] com.netflix.discovery.DiscoveryClient    : Application is null : false
2022-11-15 09:28:23.165  INFO 6180 --- [restartedMain] com.netflix.discovery.DiscoveryClient    : Registered Applications size is zero : true
2022-11-15 09:28:23.166  INFO 6180 --- [restartedMain] com.netflix.discovery.DiscoveryClient    : Application version is -1: true
2022-11-15 09:28:23.168  INFO 6180 --- [restartedMain] com.netflix.discovery.DiscoveryClient    : Getting all instance registry info from the eureka server
2022-11-15 09:28:24.495  INFO 6180 --- [restartedMain] com.netflix.discovery.DiscoveryClient    : The response status is 200
2022-11-15 09:28:24.506  INFO 6180 --- [restartedMain] com.netflix.discovery.DiscoveryClient    : Starting heartbeat executor: renew interval is: 30
2022-11-15 09:28:24.516  INFO 6180 --- [restartedMain] c.n.discovery.InstanceInfoReplicator     : InstanceInfoReplicator onDemand update allowed rate per min is 4
2022-11-15 09:28:24.533  INFO 6180 --- [restartedMain] com.netflix.discovery.DiscoveryClient    : Discovery Client initialized at timestamp 1668515304530 with initial instances count: 2
2022-11-15 09:28:24.541  INFO 6180 --- [restartedMain] o.s.c.n.e.s.EurekaServiceRegistry        : Registering application MSCARTOES with eureka with status UP
2022-11-15 09:28:24.543  INFO 6180 --- [restartedMain] com.netflix.discovery.DiscoveryClient    : Saw local status change event StatusChangeEvent [timestamp=1668515304543, current=UP, previous=STARTING]
2022-11-15 09:28:24.550  INFO 6180 --- [DiscoveryClient-InstanceInfoReplicator-0] com.netflix.discovery.DiscoveryClient    : DiscoveryClient_MSCARTOES/mscartoes:ad84bcf564397a77fb56e8ce1ebcb42e: registering service...
2022-11-15 09:28:24.916  INFO 6180 --- [DiscoveryClient-InstanceInfoReplicator-0] com.netflix.discovery.DiscoveryClient    : DiscoveryClient_MSCARTOES/mscartoes:ad84bcf564397a77fb56e8ce1ebcb42e - registration status: 204
2022-11-15 09:28:25.417  INFO 6180 --- [restartedMain] o.s.a.r.c.CachingConnectionFactory       : Attempting to connect to: [localhost:5672]
2022-11-15 09:28:29.752  INFO 6180 --- [restartedMain] o.s.a.r.l.SimpleMessageListenerContainer : Broker not available; cannot force queue declarations during start: java.net.ConnectException: Connection refused: connect
2022-11-15 09:28:29.775  INFO 6180 --- [org.springframework.amqp.rabbit.RabbitListenerEndpointContainer#0-1] o.s.a.r.c.CachingConnectionFactory       : Attempting to connect to: [localhost:5672]
2022-11-15 09:28:31.138  INFO 9532 --- [AsyncResolver-bootstrap-executor-0] c.n.d.s.r.aws.ConfigClusterResolver      : Resolving eureka endpoints via configuration
2022-11-15 09:28:33.966  INFO 6180 --- [restartedMain] i.g.c.mscartoes.MscartoesApplication     : Started MscartoesApplication in 41.942 seconds (JVM running for 44.509)
2022-11-15 09:28:39.129  WARN 6180 --- [org.springframework.amqp.rabbit.RabbitListenerEndpointContainer#0-1] o.s.a.r.l.SimpleMessageListenerContainer : Consumer raised exception, processing can restart if the connection factory supports it. Exception summary: org.springframework.amqp.AmqpConnectException: java.net.ConnectException: Connection refused: connect
2022-11-15 09:28:39.164  INFO 6180 --- [org.springframework.amqp.rabbit.RabbitListenerEndpointContainer#0-1] o.s.a.r.l.SimpleMessageListenerContainer : Restarting Consumer@2791a24f: tags=[[]], channel=null, acknowledgeMode=AUTO local queue size=0
2022-11-15 09:28:39.230  INFO 6180 --- [org.springframework.amqp.rabbit.RabbitListenerEndpointContainer#0-2] o.s.a.r.c.CachingConnectionFactory       : Attempting to connect to: [localhost:5672]
2022-11-15 09:28:42.394  INFO 6180 --- [http-nio-auto-1-exec-1] o.a.c.c.C.[Tomcat].[localhost].[/]       : Initializing Spring DispatcherServlet 'dispatcherServlet'
2022-11-15 09:28:42.395  INFO 6180 --- [http-nio-auto-1-exec-1] o.s.web.servlet.DispatcherServlet        : Initializing Servlet 'dispatcherServlet'
2022-11-15 09:28:42.402  INFO 6180 --- [http-nio-auto-1-exec-1] o.s.web.servlet.DispatcherServlet        : Completed initialization in 6 ms
2022-11-15 09:28:48.503  WARN 6180 --- [org.springframework.amqp.rabbit.RabbitListenerEndpointContainer#0-2] o.s.a.r.l.SimpleMessageListenerContainer : Consumer raised exception, processing can restart if the connection factory supports it. Exception summary: org.springframework.amqp.AmqpConnectException: java.net.ConnectException: Connection refused: connect
2022-11-15 09:28:48.504  INFO 6180 --- [org.springframework.amqp.rabbit.RabbitListenerEndpointContainer#0-2] o.s.a.r.l.SimpleMessageListenerContainer : Restarting Consumer@5613ea45: tags=[[]], channel=null, acknowledgeMode=AUTO local queue size=0
2022-11-15 09:28:48.505  INFO 6180 --- [org.springframework.amqp.rabbit.RabbitListenerEndpointContainer#0-3] o.s.a.r.c.CachingConnectionFactory       : Attempting to connect to: [localhost:5672]
2022-11-15 09:28:57.769  WARN 6180 --- [org.springframework.amqp.rabbit.RabbitListenerEndpointContainer#0-3] o.s.a.r.l.SimpleMessageListenerContainer : Consumer raised exception, processing can restart if the connection factory supports it. Exception summary: org.springframework.amqp.AmqpConnectException: java.net.ConnectException: Connection refused: connect
2022-11-15 09:28:57.770  INFO 6180 --- [org.springframework.amqp.rabbit.RabbitListenerEndpointContainer#0-3] o.s.a.r.l.SimpleMessageListenerContainer : Restarting Consumer@38b808ef: tags=[[]], channel=null, acknowledgeMode=AUTO local queue size=0
2022-11-15 09:28:57.771  INFO 6180 --- [org.springframework.amqp.rabbit.RabbitListenerEndpointContainer#0-4] o.s.a.r.c.CachingConnectionFactory       : Attempting to connect to: [localhost:5672]
2022-11-15 09:29:06.931  WARN 6180 --- [org.springframework.amqp.rabbit.RabbitListenerEndpointContainer#0-4] o.s.a.r.l.SimpleMessageListenerContainer : Consumer raised exception, processing can restart if the connection factory supports it. Exception summary: org.springframework.amqp.AmqpConnectException: java.net.ConnectException: Connection refused: connect
2022-11-15 09:29:06.933  INFO 6180 --- [org.springframework.amqp.rabbit.RabbitListenerEndpointContainer#0-4] o.s.a.r.l.SimpleMessageListenerContainer : Restarting Consumer@23665e09: tags=[[]], channel=null, acknowledgeMode=AUTO local queue size=0
2022-11-15 09:29:07.195  INFO 6180 --- [org.springframework.amqp.rabbit.RabbitListenerEndpointContainer#0-5] o.s.a.r.c.CachingConnectionFactory       : Attempting to connect to: [localhost:5672]
2022-11-15 09:29:10.623  INFO 6180 --- [http-nio-auto-1-exec-1] o.springdoc.api.AbstractOpenApiResource  : Init duration for springdoc-openapi is: 2375 ms
2022-11-15 09:29:16.761  WARN 6180 --- [org.springframework.amqp.rabbit.RabbitListenerEndpointContainer#0-5] o.s.a.r.l.SimpleMessageListenerContainer : Consumer raised exception, processing can restart if the connection factory supports it. Exception summary: org.springframework.amqp.AmqpConnectException: java.net.ConnectException: Connection refused: connect
2022-11-15 09:29:16.762  INFO 6180 --- [org.springframework.amqp.rabbit.RabbitListenerEndpointContainer#0-5] o.s.a.r.l.SimpleMessageListenerContainer : Restarting Consumer@6829f52a: tags=[[]], channel=null, acknowledgeMode=AUTO local queue size=0
2022-11-15 09:29:16.764  INFO 6180 --- [org.springframework.amqp.rabbit.RabbitListenerEndpointContainer#0-6] o.s.a.r.c.CachingConnectionFactory       : Attempting to connect to: [localhost:5672]
2022-11-15 09:29:23.931  INFO 10340 --- [AsyncResolver-bootstrap-executor-0] c.n.d.s.r.aws.ConfigClusterResolver      : Resolving eureka endpoints via configuration
2022-11-15 09:29:26.028  WARN 6180 --- [org.springframework.amqp.rabbit.RabbitListenerEndpointContainer#0-6] o.s.a.r.l.SimpleMessageListenerContainer : Consumer raised exception, processing can restart if the connection factory supports it. Exception summary: org.springframework.amqp.AmqpConnectException: java.net.ConnectException: Connection refused: connect
2022-11-15 09:29:26.028  INFO 6180 --- [org.springframework.amqp.rabbit.RabbitListenerEndpointContainer#0-6] o.s.a.r.l.SimpleMessageListenerContainer : Restarting Consumer@fabfe74: tags=[[]], channel=null, acknowledgeMode=AUTO local queue size=0
2022-11-15 09:29:26.029  INFO 6180 --- [org.springframework.amqp.rabbit.RabbitListenerEndpointContainer#0-7] o.s.a.r.c.CachingConnectionFactory       : Attempting to connect to: [localhost:5672]
2022-11-15 09:29:35.301  WARN 6180 --- [org.springframework.amqp.rabbit.RabbitListenerEndpointContainer#0-7] o.s.a.r.l.SimpleMessageListenerContainer : Consumer raised exception, processing can restart if the connection factory supports it. Exception summary: org.springframework.amqp.AmqpConnectException: java.net.ConnectException: Connection refused: connect
2022-11-15 09:29:35.302  INFO 6180 --- [org.springframework.amqp.rabbit.RabbitListenerEndpointContainer#0-7] o.s.a.r.l.SimpleMessageListenerContainer : Restarting Consumer@1f569bd4: tags=[[]], channel=null, acknowledgeMode=AUTO local queue size=0
2022-11-15 09:29:35.305  INFO 6180 --- [org.springframework.amqp.rabbit.RabbitListenerEndpointContainer#0-8] o.s.a.r.c.CachingConnectionFactory       : Attempting to connect to: [localhost:5672]
2022-11-15 09:29:40.960  INFO 10340 --- [http-nio-auto-1-exec-1] o.a.c.c.C.[Tomcat].[localhost].[/]       : Initializing Spring DispatcherServlet 'dispatcherServlet'
2022-11-15 09:29:40.961  INFO 10340 --- [http-nio-auto-1-exec-1] o.s.web.servlet.DispatcherServlet        : Initializing Servlet 'dispatcherServlet'
2022-11-15 09:29:40.967  INFO 10340 --- [http-nio-auto-1-exec-1] o.s.web.servlet.DispatcherServlet        : Completed initialization in 4 ms
2022-11-15 09:29:44.425  WARN 6180 --- [org.springframework.amqp.rabbit.RabbitListenerEndpointContainer#0-8] o.s.a.r.l.SimpleMessageListenerContainer : Consumer raised exception, processing can restart if the connection factory supports it. Exception summary: org.springframework.amqp.AmqpConnectException: java.net.ConnectException: Connection refused: connect
2022-11-15 09:29:44.426  INFO 6180 --- [org.springframework.amqp.rabbit.RabbitListenerEndpointContainer#0-8] o.s.a.r.l.SimpleMessageListenerContainer : Restarting Consumer@729e9472: tags=[[]], channel=null, acknowledgeMode=AUTO local queue size=0
2022-11-15 09:29:44.428  INFO 6180 --- [org.springframework.amqp.rabbit.RabbitListenerEndpointContainer#0-9] o.s.a.r.c.CachingConnectionFactory       : Attempting to connect to: [localhost:5672]
2022-11-15 09:29:48.106  INFO 10340 --- [http-nio-auto-1-exec-1] o.springdoc.api.AbstractOpenApiResource  : Init duration for springdoc-openapi is: 2160 ms
2022-11-15 09:29:53.795  WARN 6180 --- [org.springframework.amqp.rabbit.RabbitListenerEndpointContainer#0-9] o.s.a.r.l.SimpleMessageListenerContainer : Consumer raised exception, processing can restart if the connection factory supports it. Exception summary: org.springframework.amqp.AmqpConnectException: java.net.ConnectException: Connection refused: connect
2022-11-15 09:29:53.796  INFO 6180 --- [org.springframework.amqp.rabbit.RabbitListenerEndpointContainer#0-9] o.s.a.r.l.SimpleMessageListenerContainer : Restarting Consumer@6147d1dd: tags=[[]], channel=null, acknowledgeMode=AUTO local queue size=0
2022-11-15 09:29:53.800  INFO 6180 --- [org.springframework.amqp.rabbit.RabbitListenerEndpointContainer#0-10] o.s.a.r.c.CachingConnectionFactory       : Attempting to connect to: [localhost:5672]
2022-11-15 09:30:02.893  WARN 6180 --- [org.springframework.amqp.rabbit.RabbitListenerEndpointContainer#0-10] o.s.a.r.l.SimpleMessageListenerContainer : Consumer raised exception, processing can restart if the connection factory supports it. Exception summary: org.springframework.amqp.AmqpConnectException: java.net.ConnectException: Connection refused: connect
2022-11-15 09:30:02.894  INFO 6180 --- [org.springframework.amqp.rabbit.RabbitListenerEndpointContainer#0-10] o.s.a.r.l.SimpleMessageListenerContainer : Restarting Consumer@cc9ef2: tags=[[]], channel=null, acknowledgeMode=AUTO local queue size=0
2022-11-15 09:30:02.951  INFO 6180 --- [org.springframework.amqp.rabbit.RabbitListenerEndpointContainer#0-11] o.s.a.r.c.CachingConnectionFactory       : Attempting to connect to: [localhost:5672]
2022-11-15 09:30:12.249  WARN 6180 --- [org.springframework.amqp.rabbit.RabbitListenerEndpointContainer#0-11] o.s.a.r.l.SimpleMessageListenerContainer : Consumer raised exception, processing can restart if the connection factory supports it. Exception summary: org.springframework.amqp.AmqpConnectException: java.net.ConnectException: Connection refused: connect
2022-11-15 09:30:12.249  INFO 6180 --- [org.springframework.amqp.rabbit.RabbitListenerEndpointContainer#0-11] o.s.a.r.l.SimpleMessageListenerContainer : Restarting Consumer@3f52677f: tags=[[]], channel=null, acknowledgeMode=AUTO local queue size=0
2022-11-15 09:30:12.252  INFO 6180 --- [org.springframework.amqp.rabbit.RabbitListenerEndpointContainer#0-12] o.s.a.r.c.CachingConnectionFactory       : Attempting to connect to: [localhost:5672]
2022-11-15 09:30:21.521  WARN 6180 --- [org.springframework.amqp.rabbit.RabbitListenerEndpointContainer#0-12] o.s.a.r.l.SimpleMessageListenerContainer : Consumer raised exception, processing can restart if the connection factory supports it. Exception summary: org.springframework.amqp.AmqpConnectException: java.net.ConnectException: Connection refused: connect
2022-11-15 09:30:21.521  INFO 6180 --- [org.springframework.amqp.rabbit.RabbitListenerEndpointContainer#0-12] o.s.a.r.l.SimpleMessageListenerContainer : Restarting Consumer@36532083: tags=[[]], channel=null, acknowledgeMode=AUTO local queue size=0
2022-11-15 09:30:21.522  INFO 6180 --- [org.springframework.amqp.rabbit.RabbitListenerEndpointContainer#0-13] o.s.a.r.c.CachingConnectionFactory       : Attempting to connect to: [localhost:5672]
2022-11-15 09:30:30.790  WARN 6180 --- [org.springframework.amqp.rabbit.RabbitListenerEndpointContainer#0-13] o.s.a.r.l.SimpleMessageListenerContainer : Consumer raised exception, processing can restart if the connection factory supports it. Exception summary: org.springframework.amqp.AmqpConnectException: java.net.ConnectException: Connection refused: connect
2022-11-15 09:30:30.790  INFO 6180 --- [org.springframework.amqp.rabbit.RabbitListenerEndpointContainer#0-13] o.s.a.r.l.SimpleMessageListenerContainer : Restarting Consumer@24d215e8: tags=[[]], channel=null, acknowledgeMode=AUTO local queue size=0
2022-11-15 09:30:30.791  INFO 6180 --- [org.springframework.amqp.rabbit.RabbitListenerEndpointContainer#0-14] o.s.a.r.c.CachingConnectionFactory       : Attempting to connect to: [localhost:5672]
2022-11-15 09:30:40.068  WARN 6180 --- [org.springframework.amqp.rabbit.RabbitListenerEndpointContainer#0-14] o.s.a.r.l.SimpleMessageListenerContainer : Consumer raised exception, processing can restart if the connection factory supports it. Exception summary: org.springframework.amqp.AmqpConnectException: java.net.ConnectException: Connection refused: connect
2022-11-15 09:30:40.069  INFO 6180 --- [org.springframework.amqp.rabbit.RabbitListenerEndpointContainer#0-14] o.s.a.r.l.SimpleMessageListenerContainer : Restarting Consumer@7646975b: tags=[[]], channel=null, acknowledgeMode=AUTO local queue size=0
2022-11-15 09:30:40.070  INFO 6180 --- [org.springframework.amqp.rabbit.RabbitListenerEndpointContainer#0-15] o.s.a.r.c.CachingConnectionFactory       : Attempting to connect to: [localhost:5672]
2022-11-15 09:30:49.351  WARN 6180 --- [org.springframework.amqp.rabbit.RabbitListenerEndpointContainer#0-15] o.s.a.r.l.SimpleMessageListenerContainer : Consumer raised exception, processing can restart if the connection factory supports it. Exception summary: org.springframework.amqp.AmqpConnectException: java.net.ConnectException: Connection refused: connect
2022-11-15 09:30:49.351  INFO 6180 --- [org.springframework.amqp.rabbit.RabbitListenerEndpointContainer#0-15] o.s.a.r.l.SimpleMessageListenerContainer : Restarting Consumer@47f0b2d7: tags=[[]], channel=null, acknowledgeMode=AUTO local queue size=0
2022-11-15 09:30:49.352  INFO 6180 --- [org.springframework.amqp.rabbit.RabbitListenerEndpointContainer#0-16] o.s.a.r.c.CachingConnectionFactory       : Attempting to connect to: [localhost:5672]
2022-11-15 09:30:58.621  WARN 6180 --- [org.springframework.amqp.rabbit.RabbitListenerEndpointContainer#0-16] o.s.a.r.l.SimpleMessageListenerContainer : Consumer raised exception, processing can restart if the connection factory supports it. Exception summary: org.springframework.amqp.AmqpConnectException: java.net.ConnectException: Connection refused: connect
2022-11-15 09:30:58.622  INFO 6180 --- [org.springframework.amqp.rabbit.RabbitListenerEndpointContainer#0-16] o.s.a.r.l.SimpleMessageListenerContainer : Restarting Consumer@30559bc2: tags=[[]], channel=null, acknowledgeMode=AUTO local queue size=0
2022-11-15 09:30:58.624  INFO 6180 --- [org.springframework.amqp.rabbit.RabbitListenerEndpointContainer#0-17] o.s.a.r.c.CachingConnectionFactory       : Attempting to connect to: [localhost:5672]
2022-11-15 09:31:07.896  WARN 6180 --- [org.springframework.amqp.rabbit.RabbitListenerEndpointContainer#0-17] o.s.a.r.l.SimpleMessageListenerContainer : Consumer raised exception, processing can restart if the connection factory supports it. Exception summary: org.springframework.amqp.AmqpConnectException: java.net.ConnectException: Connection refused: connect
2022-11-15 09:31:07.897  INFO 6180 --- [org.springframework.amqp.rabbit.RabbitListenerEndpointContainer#0-17] o.s.a.r.l.SimpleMessageListenerContainer : Restarting Consumer@3289e1f9: tags=[[]], channel=null, acknowledgeMode=AUTO local queue size=0
2022-11-15 09:31:07.899  INFO 6180 --- [org.springframework.amqp.rabbit.RabbitListenerEndpointContainer#0-18] o.s.a.r.c.CachingConnectionFactory       : Attempting to connect to: [localhost:5672]
2022-11-15 09:31:17.176  WARN 6180 --- [org.springframework.amqp.rabbit.RabbitListenerEndpointContainer#0-18] o.s.a.r.l.SimpleMessageListenerContainer : Consumer raised exception, processing can restart if the connection factory supports it. Exception summary: org.springframework.amqp.AmqpConnectException: java.net.ConnectException: Connection refused: connect
2022-11-15 09:31:17.176  INFO 6180 --- [org.springframework.amqp.rabbit.RabbitListenerEndpointContainer#0-18] o.s.a.r.l.SimpleMessageListenerContainer : Restarting Consumer@73b10945: tags=[[]], channel=null, acknowledgeMode=AUTO local queue size=0
2022-11-15 09:31:17.177  INFO 6180 --- [org.springframework.amqp.rabbit.RabbitListenerEndpointContainer#0-19] o.s.a.r.c.CachingConnectionFactory       : Attempting to connect to: [localhost:5672]
2022-11-15 09:31:26.449  WARN 6180 --- [org.springframework.amqp.rabbit.RabbitListenerEndpointContainer#0-19] o.s.a.r.l.SimpleMessageListenerContainer : Consumer raised exception, processing can restart if the connection factory supports it. Exception summary: org.springframework.amqp.AmqpConnectException: java.net.ConnectException: Connection refused: connect
2022-11-15 09:31:26.449  INFO 6180 --- [org.springframework.amqp.rabbit.RabbitListenerEndpointContainer#0-19] o.s.a.r.l.SimpleMessageListenerContainer : Restarting Consumer@30f606cb: tags=[[]], channel=null, acknowledgeMode=AUTO local queue size=0
2022-11-15 09:31:26.450  INFO 6180 --- [org.springframework.amqp.rabbit.RabbitListenerEndpointContainer#0-20] o.s.a.r.c.CachingConnectionFactory       : Attempting to connect to: [localhost:5672]
2022-11-15 09:31:35.722  WARN 6180 --- [org.springframework.amqp.rabbit.RabbitListenerEndpointContainer#0-20] o.s.a.r.l.SimpleMessageListenerContainer : Consumer raised exception, processing can restart if the connection factory supports it. Exception summary: org.springframework.amqp.AmqpConnectException: java.net.ConnectException: Connection refused: connect
2022-11-15 09:31:35.724  INFO 6180 --- [org.springframework.amqp.rabbit.RabbitListenerEndpointContainer#0-20] o.s.a.r.l.SimpleMessageListenerContainer : Restarting Consumer@1107f9ba: tags=[[]], channel=null, acknowledgeMode=AUTO local queue size=0
2022-11-15 09:31:35.725  INFO 6180 --- [org.springframework.amqp.rabbit.RabbitListenerEndpointContainer#0-21] o.s.a.r.c.CachingConnectionFactory       : Attempting to connect to: [localhost:5672]
2022-11-15 09:31:44.994  WARN 6180 --- [org.springframework.amqp.rabbit.RabbitListenerEndpointContainer#0-21] o.s.a.r.l.SimpleMessageListenerContainer : Consumer raised exception, processing can restart if the connection factory supports it. Exception summary: org.springframework.amqp.AmqpConnectException: java.net.ConnectException: Connection refused: connect
2022-11-15 09:31:44.994  INFO 6180 --- [org.springframework.amqp.rabbit.RabbitListenerEndpointContainer#0-21] o.s.a.r.l.SimpleMessageListenerContainer : Restarting Consumer@a7279da: tags=[[]], channel=null, acknowledgeMode=AUTO local queue size=0
2022-11-15 09:31:44.995  INFO 6180 --- [org.springframework.amqp.rabbit.RabbitListenerEndpointContainer#0-22] o.s.a.r.c.CachingConnectionFactory       : Attempting to connect to: [localhost:5672]
2022-11-15 09:31:54.288  WARN 6180 --- [org.springframework.amqp.rabbit.RabbitListenerEndpointContainer#0-22] o.s.a.r.l.SimpleMessageListenerContainer : Consumer raised exception, processing can restart if the connection factory supports it. Exception summary: org.springframework.amqp.AmqpConnectException: java.net.ConnectException: Connection refused: connect
2022-11-15 09:31:54.289  INFO 6180 --- [org.springframework.amqp.rabbit.RabbitListenerEndpointContainer#0-22] o.s.a.r.l.SimpleMessageListenerContainer : Restarting Consumer@69888bde: tags=[[]], channel=null, acknowledgeMode=AUTO local queue size=0
2022-11-15 09:31:54.290  INFO 6180 --- [org.springframework.amqp.rabbit.RabbitListenerEndpointContainer#0-23] o.s.a.r.c.CachingConnectionFactory       : Attempting to connect to: [localhost:5672]
2022-11-15 09:32:03.554  WARN 6180 --- [org.springframework.amqp.rabbit.RabbitListenerEndpointContainer#0-23] o.s.a.r.l.SimpleMessageListenerContainer : Consumer raised exception, processing can restart if the connection factory supports it. Exception summary: org.springframework.amqp.AmqpConnectException: java.net.ConnectException: Connection refused: connect
2022-11-15 09:32:03.554  INFO 6180 --- [org.springframework.amqp.rabbit.RabbitListenerEndpointContainer#0-23] o.s.a.r.l.SimpleMessageListenerContainer : Restarting Consumer@40e6a62b: tags=[[]], channel=null, acknowledgeMode=AUTO local queue size=0
2022-11-15 09:32:03.555  INFO 6180 --- [org.springframework.amqp.rabbit.RabbitListenerEndpointContainer#0-24] o.s.a.r.c.CachingConnectionFactory       : Attempting to connect to: [localhost:5672]
2022-11-15 09:32:12.796  WARN 6180 --- [org.springframework.amqp.rabbit.RabbitListenerEndpointContainer#0-24] o.s.a.r.l.SimpleMessageListenerContainer : Consumer raised exception, processing can restart if the connection factory supports it. Exception summary: org.springframework.amqp.AmqpConnectException: java.net.ConnectException: Connection refused: connect
2022-11-15 09:32:12.797  INFO 6180 --- [org.springframework.amqp.rabbit.RabbitListenerEndpointContainer#0-24] o.s.a.r.l.SimpleMessageListenerContainer : Restarting Consumer@713c27b6: tags=[[]], channel=null, acknowledgeMode=AUTO local queue size=0
2022-11-15 09:32:12.799  INFO 6180 --- [org.springframework.amqp.rabbit.RabbitListenerEndpointContainer#0-25] o.s.a.r.c.CachingConnectionFactory       : Attempting to connect to: [localhost:5672]
2022-11-15 09:32:22.069  WARN 6180 --- [org.springframework.amqp.rabbit.RabbitListenerEndpointContainer#0-25] o.s.a.r.l.SimpleMessageListenerContainer : Consumer raised exception, processing can restart if the connection factory supports it. Exception summary: org.springframework.amqp.AmqpConnectException: java.net.ConnectException: Connection refused: connect
2022-11-15 09:32:22.070  INFO 6180 --- [org.springframework.amqp.rabbit.RabbitListenerEndpointContainer#0-25] o.s.a.r.l.SimpleMessageListenerContainer : Restarting Consumer@6f376502: tags=[[]], channel=null, acknowledgeMode=AUTO local queue size=0
2022-11-15 09:32:22.073  INFO 6180 --- [org.springframework.amqp.rabbit.RabbitListenerEndpointContainer#0-26] o.s.a.r.c.CachingConnectionFactory       : Attempting to connect to: [localhost:5672]
2022-11-15 09:32:31.344  WARN 6180 --- [org.springframework.amqp.rabbit.RabbitListenerEndpointContainer#0-26] o.s.a.r.l.SimpleMessageListenerContainer : Consumer raised exception, processing can restart if the connection factory supports it. Exception summary: org.springframework.amqp.AmqpConnectException: java.net.ConnectException: Connection refused: connect
2022-11-15 09:32:31.345  INFO 6180 --- [org.springframework.amqp.rabbit.RabbitListenerEndpointContainer#0-26] o.s.a.r.l.SimpleMessageListenerContainer : Restarting Consumer@48ae5f73: tags=[[]], channel=null, acknowledgeMode=AUTO local queue size=0
2022-11-15 09:32:31.347  INFO 6180 --- [org.springframework.amqp.rabbit.RabbitListenerEndpointContainer#0-27] o.s.a.r.c.CachingConnectionFactory       : Attempting to connect to: [localhost:5672]
2022-11-15 09:32:40.637  WARN 6180 --- [org.springframework.amqp.rabbit.RabbitListenerEndpointContainer#0-27] o.s.a.r.l.SimpleMessageListenerContainer : Consumer raised exception, processing can restart if the connection factory supports it. Exception summary: org.springframework.amqp.AmqpConnectException: java.net.ConnectException: Connection refused: connect
2022-11-15 09:32:40.637  INFO 6180 --- [org.springframework.amqp.rabbit.RabbitListenerEndpointContainer#0-27] o.s.a.r.l.SimpleMessageListenerContainer : Restarting Consumer@443a755e: tags=[[]], channel=null, acknowledgeMode=AUTO local queue size=0
2022-11-15 09:32:40.639  INFO 6180 --- [org.springframework.amqp.rabbit.RabbitListenerEndpointContainer#0-28] o.s.a.r.c.CachingConnectionFactory       : Attempting to connect to: [localhost:5672]
2022-11-15 09:32:49.906  WARN 6180 --- [org.springframework.amqp.rabbit.RabbitListenerEndpointContainer#0-28] o.s.a.r.l.SimpleMessageListenerContainer : Consumer raised exception, processing can restart if the connection factory supports it. Exception summary: org.springframework.amqp.AmqpConnectException: java.net.ConnectException: Connection refused: connect
2022-11-15 09:32:49.906  INFO 6180 --- [org.springframework.amqp.rabbit.RabbitListenerEndpointContainer#0-28] o.s.a.r.l.SimpleMessageListenerContainer : Restarting Consumer@1d1ab46e: tags=[[]], channel=null, acknowledgeMode=AUTO local queue size=0
2022-11-15 09:32:49.907  INFO 6180 --- [org.springframework.amqp.rabbit.RabbitListenerEndpointContainer#0-29] o.s.a.r.c.CachingConnectionFactory       : Attempting to connect to: [localhost:5672]
2022-11-15 09:32:59.176  WARN 6180 --- [org.springframework.amqp.rabbit.RabbitListenerEndpointContainer#0-29] o.s.a.r.l.SimpleMessageListenerContainer : Consumer raised exception, processing can restart if the connection factory supports it. Exception summary: org.springframework.amqp.AmqpConnectException: java.net.ConnectException: Connection refused: connect
2022-11-15 09:32:59.177  INFO 6180 --- [org.springframework.amqp.rabbit.RabbitListenerEndpointContainer#0-29] o.s.a.r.l.SimpleMessageListenerContainer : Restarting Consumer@51d3c755: tags=[[]], channel=null, acknowledgeMode=AUTO local queue size=0
2022-11-15 09:32:59.178  INFO 6180 --- [org.springframework.amqp.rabbit.RabbitListenerEndpointContainer#0-30] o.s.a.r.c.CachingConnectionFactory       : Attempting to connect to: [localhost:5672]
2022-11-15 09:33:08.449  WARN 6180 --- [org.springframework.amqp.rabbit.RabbitListenerEndpointContainer#0-30] o.s.a.r.l.SimpleMessageListenerContainer : Consumer raised exception, processing can restart if the connection factory supports it. Exception summary: org.springframework.amqp.AmqpConnectException: java.net.ConnectException: Connection refused: connect
2022-11-15 09:33:08.450  INFO 6180 --- [org.springframework.amqp.rabbit.RabbitListenerEndpointContainer#0-30] o.s.a.r.l.SimpleMessageListenerContainer : Restarting Consumer@5204caf: tags=[[]], channel=null, acknowledgeMode=AUTO local queue size=0
2022-11-15 09:33:08.451  INFO 6180 --- [org.springframework.amqp.rabbit.RabbitListenerEndpointContainer#0-31] o.s.a.r.c.CachingConnectionFactory       : Attempting to connect to: [localhost:5672]
2022-11-15 09:33:17.738  WARN 6180 --- [org.springframework.amqp.rabbit.RabbitListenerEndpointContainer#0-31] o.s.a.r.l.SimpleMessageListenerContainer : Consumer raised exception, processing can restart if the connection factory supports it. Exception summary: org.springframework.amqp.AmqpConnectException: java.net.ConnectException: Connection refused: connect
2022-11-15 09:33:17.739  INFO 6180 --- [org.springframework.amqp.rabbit.RabbitListenerEndpointContainer#0-31] o.s.a.r.l.SimpleMessageListenerContainer : Restarting Consumer@15d247dd: tags=[[]], channel=null, acknowledgeMode=AUTO local queue size=0
2022-11-15 09:33:17.740  INFO 6180 --- [org.springframework.amqp.rabbit.RabbitListenerEndpointContainer#0-32] o.s.a.r.c.CachingConnectionFactory       : Attempting to connect to: [localhost:5672]
2022-11-15 09:33:23.186  INFO 6180 --- [AsyncResolver-bootstrap-executor-0] c.n.d.s.r.aws.ConfigClusterResolver      : Resolving eureka endpoints via configuration
2022-11-15 09:33:27.011  WARN 6180 --- [org.springframework.amqp.rabbit.RabbitListenerEndpointContainer#0-32] o.s.a.r.l.SimpleMessageListenerContainer : Consumer raised exception, processing can restart if the connection factory supports it. Exception summary: org.springframework.amqp.AmqpConnectException: java.net.ConnectException: Connection refused: connect
2022-11-15 09:33:27.011  INFO 6180 --- [org.springframework.amqp.rabbit.RabbitListenerEndpointContainer#0-32] o.s.a.r.l.SimpleMessageListenerContainer : Restarting Consumer@21a6a8ab: tags=[[]], channel=null, acknowledgeMode=AUTO local queue size=0
2022-11-15 09:33:27.012  INFO 6180 --- [org.springframework.amqp.rabbit.RabbitListenerEndpointContainer#0-33] o.s.a.r.c.CachingConnectionFactory       : Attempting to connect to: [localhost:5672]
2022-11-15 09:33:31.150  INFO 9532 --- [AsyncResolver-bootstrap-executor-0] c.n.d.s.r.aws.ConfigClusterResolver      : Resolving eureka endpoints via configuration
2022-11-15 09:33:36.281  WARN 6180 --- [org.springframework.amqp.rabbit.RabbitListenerEndpointContainer#0-33] o.s.a.r.l.SimpleMessageListenerContainer : Consumer raised exception, processing can restart if the connection factory supports it. Exception summary: org.springframework.amqp.AmqpConnectException: java.net.ConnectException: Connection refused: connect
2022-11-15 09:33:36.282  INFO 6180 --- [org.springframework.amqp.rabbit.RabbitListenerEndpointContainer#0-33] o.s.a.r.l.SimpleMessageListenerContainer : Restarting Consumer@4225256f: tags=[[]], channel=null, acknowledgeMode=AUTO local queue size=0
2022-11-15 09:33:36.283  INFO 6180 --- [org.springframework.amqp.rabbit.RabbitListenerEndpointContainer#0-34] o.s.a.r.c.CachingConnectionFactory       : Attempting to connect to: [localhost:5672]
2022-11-15 09:33:45.561  WARN 6180 --- [org.springframework.amqp.rabbit.RabbitListenerEndpointContainer#0-34] o.s.a.r.l.SimpleMessageListenerContainer : Consumer raised exception, processing can restart if the connection factory supports it. Exception summary: org.springframework.amqp.AmqpConnectException: java.net.ConnectException: Connection refused: connect
2022-11-15 09:33:45.562  INFO 6180 --- [org.springframework.amqp.rabbit.RabbitListenerEndpointContainer#0-34] o.s.a.r.l.SimpleMessageListenerContainer : Restarting Consumer@4981e698: tags=[[]], channel=null, acknowledgeMode=AUTO local queue size=0
2022-11-15 09:33:45.563  INFO 6180 --- [org.springframework.amqp.rabbit.RabbitListenerEndpointContainer#0-35] o.s.a.r.c.CachingConnectionFactory       : Attempting to connect to: [localhost:5672]
2022-11-15 09:33:54.840  WARN 6180 --- [org.springframework.amqp.rabbit.RabbitListenerEndpointContainer#0-35] o.s.a.r.l.SimpleMessageListenerContainer : Consumer raised exception, processing can restart if the connection factory supports it. Exception summary: org.springframework.amqp.AmqpConnectException: java.net.ConnectException: Connection refused: connect
2022-11-15 09:33:54.840  INFO 6180 --- [org.springframework.amqp.rabbit.RabbitListenerEndpointContainer#0-35] o.s.a.r.l.SimpleMessageListenerContainer : Restarting Consumer@3f9fd283: tags=[[]], channel=null, acknowledgeMode=AUTO local queue size=0
2022-11-15 09:33:54.841  INFO 6180 --- [org.springframework.amqp.rabbit.RabbitListenerEndpointContainer#0-36] o.s.a.r.c.CachingConnectionFactory       : Attempting to connect to: [localhost:5672]
2022-11-15 09:34:04.111  WARN 6180 --- [org.springframework.amqp.rabbit.RabbitListenerEndpointContainer#0-36] o.s.a.r.l.SimpleMessageListenerContainer : Consumer raised exception, processing can restart if the connection factory supports it. Exception summary: org.springframework.amqp.AmqpConnectException: java.net.ConnectException: Connection refused: connect
2022-11-15 09:34:04.111  INFO 6180 --- [org.springframework.amqp.rabbit.RabbitListenerEndpointContainer#0-36] o.s.a.r.l.SimpleMessageListenerContainer : Restarting Consumer@1f0b3270: tags=[[]], channel=null, acknowledgeMode=AUTO local queue size=0
2022-11-15 09:34:04.112  INFO 6180 --- [org.springframework.amqp.rabbit.RabbitListenerEndpointContainer#0-37] o.s.a.r.c.CachingConnectionFactory       : Attempting to connect to: [localhost:5672]
2022-11-15 09:34:13.400  WARN 6180 --- [org.springframework.amqp.rabbit.RabbitListenerEndpointContainer#0-37] o.s.a.r.l.SimpleMessageListenerContainer : Consumer raised exception, processing can restart if the connection factory supports it. Exception summary: org.springframework.amqp.AmqpConnectException: java.net.ConnectException: Connection refused: connect
2022-11-15 09:34:13.401  INFO 6180 --- [org.springframework.amqp.rabbit.RabbitListenerEndpointContainer#0-37] o.s.a.r.l.SimpleMessageListenerContainer : Restarting Consumer@706ff4c8: tags=[[]], channel=null, acknowledgeMode=AUTO local queue size=0
2022-11-15 09:34:13.402  INFO 6180 --- [org.springframework.amqp.rabbit.RabbitListenerEndpointContainer#0-38] o.s.a.r.c.CachingConnectionFactory       : Attempting to connect to: [localhost:5672]
2022-11-15 09:34:22.680  WARN 6180 --- [org.springframework.amqp.rabbit.RabbitListenerEndpointContainer#0-38] o.s.a.r.l.SimpleMessageListenerContainer : Consumer raised exception, processing can restart if the connection factory supports it. Exception summary: org.springframework.amqp.AmqpConnectException: java.net.ConnectException: Connection refused: connect
2022-11-15 09:34:22.681  INFO 6180 --- [org.springframework.amqp.rabbit.RabbitListenerEndpointContainer#0-38] o.s.a.r.l.SimpleMessageListenerContainer : Restarting Consumer@6fd2de4f: tags=[[]], channel=null, acknowledgeMode=AUTO local queue size=0
2022-11-15 09:34:22.682  INFO 6180 --- [org.springframework.amqp.rabbit.RabbitListenerEndpointContainer#0-39] o.s.a.r.c.CachingConnectionFactory       : Attempting to connect to: [localhost:5672]
2022-11-15 09:34:23.942  INFO 10340 --- [AsyncResolver-bootstrap-executor-0] c.n.d.s.r.aws.ConfigClusterResolver      : Resolving eureka endpoints via configuration
2022-11-15 09:34:31.945  WARN 6180 --- [org.springframework.amqp.rabbit.RabbitListenerEndpointContainer#0-39] o.s.a.r.l.SimpleMessageListenerContainer : Consumer raised exception, processing can restart if the connection factory supports it. Exception summary: org.springframework.amqp.AmqpConnectException: java.net.ConnectException: Connection refused: connect
2022-11-15 09:34:31.946  INFO 6180 --- [org.springframework.amqp.rabbit.RabbitListenerEndpointContainer#0-39] o.s.a.r.l.SimpleMessageListenerContainer : Restarting Consumer@15d7544b: tags=[[]], channel=null, acknowledgeMode=AUTO local queue size=0
2022-11-15 09:34:31.947  INFO 6180 --- [org.springframework.amqp.rabbit.RabbitListenerEndpointContainer#0-40] o.s.a.r.c.CachingConnectionFactory       : Attempting to connect to: [localhost:5672]
2022-11-15 09:34:41.213  WARN 6180 --- [org.springframework.amqp.rabbit.RabbitListenerEndpointContainer#0-40] o.s.a.r.l.SimpleMessageListenerContainer : Consumer raised exception, processing can restart if the connection factory supports it. Exception summary: org.springframework.amqp.AmqpConnectException: java.net.ConnectException: Connection refused: connect
2022-11-15 09:34:41.214  INFO 6180 --- [org.springframework.amqp.rabbit.RabbitListenerEndpointContainer#0-40] o.s.a.r.l.SimpleMessageListenerContainer : Restarting Consumer@2b45180d: tags=[[]], channel=null, acknowledgeMode=AUTO local queue size=0
2022-11-15 09:34:41.216  INFO 6180 --- [org.springframework.amqp.rabbit.RabbitListenerEndpointContainer#0-41] o.s.a.r.c.CachingConnectionFactory       : Attempting to connect to: [localhost:5672]
2022-11-15 09:34:50.450  WARN 6180 --- [org.springframework.amqp.rabbit.RabbitListenerEndpointContainer#0-41] o.s.a.r.l.SimpleMessageListenerContainer : Consumer raised exception, processing can restart if the connection factory supports it. Exception summary: org.springframework.amqp.AmqpConnectException: java.net.ConnectException: Connection refused: connect
2022-11-15 09:34:50.453  INFO 6180 --- [org.springframework.amqp.rabbit.RabbitListenerEndpointContainer#0-41] o.s.a.r.l.SimpleMessageListenerContainer : Restarting Consumer@29e13dbd: tags=[[]], channel=null, acknowledgeMode=AUTO local queue size=0
2022-11-15 09:34:50.456  INFO 6180 --- [org.springframework.amqp.rabbit.RabbitListenerEndpointContainer#0-42] o.s.a.r.c.CachingConnectionFactory       : Attempting to connect to: [localhost:5672]
2022-11-15 09:34:59.738  WARN 6180 --- [org.springframework.amqp.rabbit.RabbitListenerEndpointContainer#0-42] o.s.a.r.l.SimpleMessageListenerContainer : Consumer raised exception, processing can restart if the connection factory supports it. Exception summary: org.springframework.amqp.AmqpConnectException: java.net.ConnectException: Connection refused: connect
2022-11-15 09:34:59.738  INFO 6180 --- [org.springframework.amqp.rabbit.RabbitListenerEndpointContainer#0-42] o.s.a.r.l.SimpleMessageListenerContainer : Restarting Consumer@30d448e0: tags=[[]], channel=null, acknowledgeMode=AUTO local queue size=0
2022-11-15 09:34:59.739  INFO 6180 --- [org.springframework.amqp.rabbit.RabbitListenerEndpointContainer#0-43] o.s.a.r.c.CachingConnectionFactory       : Attempting to connect to: [localhost:5672]
2022-11-15 09:35:08.909  WARN 6180 --- [org.springframework.amqp.rabbit.RabbitListenerEndpointContainer#0-43] o.s.a.r.l.SimpleMessageListenerContainer : Consumer raised exception, processing can restart if the connection factory supports it. Exception summary: org.springframework.amqp.AmqpConnectException: java.net.ConnectException: Connection refused: connect
2022-11-15 09:35:08.943  INFO 6180 --- [org.springframework.amqp.rabbit.RabbitListenerEndpointContainer#0-43] o.s.a.r.l.SimpleMessageListenerContainer : Restarting Consumer@2aff6d1: tags=[[]], channel=null, acknowledgeMode=AUTO local queue size=0
2022-11-15 09:35:09.024  INFO 6180 --- [org.springframework.amqp.rabbit.RabbitListenerEndpointContainer#0-44] o.s.a.r.c.CachingConnectionFactory       : Attempting to connect to: [localhost:5672]
2022-11-15 09:35:18.827  WARN 6180 --- [org.springframework.amqp.rabbit.RabbitListenerEndpointContainer#0-44] o.s.a.r.l.SimpleMessageListenerContainer : Consumer raised exception, processing can restart if the connection factory supports it. Exception summary: org.springframework.amqp.AmqpConnectException: java.net.ConnectException: Connection refused: connect
2022-11-15 09:35:18.828  INFO 6180 --- [org.springframework.amqp.rabbit.RabbitListenerEndpointContainer#0-44] o.s.a.r.l.SimpleMessageListenerContainer : Restarting Consumer@cc67ba9: tags=[[]], channel=null, acknowledgeMode=AUTO local queue size=0
2022-11-15 09:35:18.829  INFO 6180 --- [org.springframework.amqp.rabbit.RabbitListenerEndpointContainer#0-45] o.s.a.r.c.CachingConnectionFactory       : Attempting to connect to: [localhost:5672]
2022-11-15 09:35:28.016  WARN 6180 --- [org.springframework.amqp.rabbit.RabbitListenerEndpointContainer#0-45] o.s.a.r.l.SimpleMessageListenerContainer : Consumer raised exception, processing can restart if the connection factory supports it. Exception summary: org.springframework.amqp.AmqpConnectException: java.net.ConnectException: Connection refused: connect
2022-11-15 09:35:28.017  INFO 6180 --- [org.springframework.amqp.rabbit.RabbitListenerEndpointContainer#0-45] o.s.a.r.l.SimpleMessageListenerContainer : Restarting Consumer@6331d9ad: tags=[[]], channel=null, acknowledgeMode=AUTO local queue size=0
2022-11-15 09:35:28.046  INFO 6180 --- [org.springframework.amqp.rabbit.RabbitListenerEndpointContainer#0-46] o.s.a.r.c.CachingConnectionFactory       : Attempting to connect to: [localhost:5672]
2022-11-15 09:35:37.419  WARN 6180 --- [org.springframework.amqp.rabbit.RabbitListenerEndpointContainer#0-46] o.s.a.r.l.SimpleMessageListenerContainer : Consumer raised exception, processing can restart if the connection factory supports it. Exception summary: org.springframework.amqp.AmqpConnectException: java.net.ConnectException: Connection refused: connect
